

Epoch 1 Batch 0 Loss 2.3646

Epoch 1 Batch 700 Loss 1.3795

Epoch 1 Batch 1400 Loss 1.5984

Epoch 1 Batch 2100 Loss 1.3290

2021-05-29 16:44:53.624426: W tensorflow/python/util/util.cc:348] Sets are not currently considered sequences, but this may change in the future, so consider avoiding using them.

Epoch 1 Loss 1.5500

Time taken for 1 epoch 1913.86 sec



你好   我<EOS>

你好   我<EOS>

你好嗎   我<EOS>

你是男生還是女生   我我我我我我我我我我我我我我我我我我我我我我我我我我我我我我

我好帥   我<EOS>

機器學習   我<EOS>

哈哈哈   我<EOS>

好無聊   我<EOS>

Epoch 2 Batch 0 Loss 1.4398

Epoch 2 Batch 700 Loss 1.1623

Epoch 2 Batch 1400 Loss 1.5240

Epoch 2 Batch 2100 Loss 1.2381

Epoch 2 Loss 1.3581

Time taken for 1 epoch 1931.17 sec



你好   我我我我我我我我我我我我我我我我我我我我我我我我我我我我我我

你好   我我我我我我我我我我我我我我我我我我我我我我我我我我我我我我

你好嗎   我我我我我我我我我我我我我我我我我我我我我我我我我我我我我我

你是男生還是女生   我我我我我我我我我我我我我我我我我我我我我我我我我我我我我我

我好帥   我我我我我我我我我我我我我我我我我我我我我我我我我我我我我我

機器學習   我我我我我我我我我我我我我我我我我我我我我我我我我我我我我我

哈哈哈   我我我我我我我我我我我我我我我我我我我我我我我我我我我我我我

好無聊   我我我我我我我我我我我我我我我我我我我我我我我我我我我我我我

Epoch 3 Batch 0 Loss 1.3543

Epoch 3 Batch 700 Loss 1.1264

Epoch 3 Batch 1400 Loss 1.4688

Epoch 3 Batch 2100 Loss 1.2198

Epoch 3 Loss 1.3129

Time taken for 1 epoch 1917.81 sec



你好   我們的<EOS>

你好   我們的<EOS>

你好嗎   我們的<EOS>

你是男生還是女生   我們的<EOS>

我好帥   我們的<EOS>

機器學習   我們的<EOS>

哈哈哈   我們的<EOS>

好無聊   我們的<EOS>

Epoch 4 Batch 0 Loss 1.3306

Epoch 4 Batch 700 Loss 1.0762

Epoch 4 Batch 1400 Loss 1.4183

Epoch 4 Batch 2100 Loss 1.1541

Epoch 4 Loss 1.2700

Time taken for 1 epoch 1915.78 sec



你好   我們的<EOS>

你好   我們的<EOS>

你好嗎   我們的<EOS>

你是男生還是女生   我們的<EOS>

我好帥   我們的<EOS>

機器學習   我們的<EOS>

哈哈哈   我們的<EOS>

好無聊   我們的<EOS>

Epoch 5 Batch 0 Loss 1.3239

Epoch 5 Batch 700 Loss 1.0647

Epoch 5 Batch 1400 Loss 1.4045

Epoch 5 Batch 2100 Loss 1.1740

Epoch 5 Loss 1.2450

Time taken for 1 epoch 1910.89 sec



你好   我們的<EOS>

你好   我們的<EOS>

你好嗎   我們的<EOS>

你是男生還是女生   我們的<EOS>

我好帥   我們的<EOS>

機器學習   我們的<EOS>

哈哈哈   我們的<EOS>

好無聊   我們的<EOS>

Epoch 6 Batch 0 Loss 1.2583

Epoch 6 Batch 700 Loss 1.0482

Epoch 6 Batch 1400 Loss 1.4205

Epoch 6 Batch 2100 Loss 1.1297

Epoch 6 Loss 1.2260

Time taken for 1 epoch 1908.77 sec



你好   我們的<EOS>

你好   我們的<EOS>

你好嗎   我們的<EOS>

你是男生還是女生   我們的<EOS>

我好帥   我們的<EOS>

機器學習   我們的<EOS>

哈哈哈   我們的<EOS>

好無聊   我們的<EOS>

Epoch 7 Batch 0 Loss 1.2500

Epoch 7 Batch 700 Loss 1.0129

Epoch 7 Batch 1400 Loss 1.3862

Epoch 7 Batch 2100 Loss 1.1323

Epoch 7 Loss 1.2092

Time taken for 1 epoch 1897.80 sec



你好   我們在我的<EOS>

你好   我們在我的<EOS>

你好嗎   我們在我的<EOS>

你是男生還是女生   我們在我的<EOS>

我好帥   我們在我的<EOS>

機器學習   我們在我的<EOS>

哈哈哈   我們在我的<EOS>

好無聊   我們在我的<EOS>

Epoch 8 Batch 0 Loss 1.2413

Epoch 8 Batch 700 Loss 1.0233

Epoch 8 Batch 1400 Loss 1.3497

Epoch 8 Batch 2100 Loss 1.0939

Epoch 8 Loss 1.1956

Time taken for 1 epoch 1901.64 sec



你好   我們在我的<EOS>

你好   我們在我的<EOS>

你好嗎   我們在我的<EOS>

你是男生還是女生   我們在我的<EOS>

我好帥   我們在我的<EOS>

機器學習   我們在我們的<EOS>

哈哈哈   我們在我的<EOS>

好無聊   我們在我的<EOS>

Epoch 9 Batch 0 Loss 1.2228

Epoch 9 Batch 700 Loss 0.9982

Epoch 9 Batch 1400 Loss 1.3091

Epoch 9 Batch 2100 Loss 1.1100

Epoch 9 Loss 1.1841

Time taken for 1 epoch 1893.54 sec



你好   我們的人<EOS>

你好   我們的人<EOS>

你好嗎   我們的人<EOS>

你是男生還是女生   我們的人的<EOS>

我好帥   我們的人<EOS>

機器學習   我們的人的<EOS>

哈哈哈   我們的人的<EOS>

好無聊   我們的人的<EOS>

Epoch 10 Batch 0 Loss 1.2115

Epoch 10 Batch 700 Loss 0.9919

Epoch 10 Batch 1400 Loss 1.3487

Epoch 10 Batch 2100 Loss 1.1194

Epoch 10 Loss 1.1739

Time taken for 1 epoch 1906.41 sec



你好   我們的人<EOS>

你好   我們的人<EOS>

你好嗎   我們的人<EOS>

你是男生還是女生   我們的人<EOS>

我好帥   我們的人<EOS>

機器學習   我們的人<EOS>

哈哈哈   我們的人<EOS>

好無聊   我們的人<EOS>

Epoch 11 Batch 0 Loss 1.2195

Epoch 11 Batch 700 Loss 0.9688

Epoch 11 Batch 1400 Loss 1.3030

Epoch 11 Batch 2100 Loss 1.0560

Epoch 11 Loss 1.1643

Time taken for 1 epoch 1904.47 sec



你好   我們的人<EOS>

你好   我們的人<EOS>

你好嗎   我們的人<EOS>

你是男生還是女生   我不是我的<EOS>

我好帥   我們的人<EOS>

機器學習   我們的人<EOS>

哈哈哈   我們的人<EOS>

好無聊   我們的人<EOS>

Epoch 12 Batch 0 Loss 1.1723

Epoch 12 Batch 700 Loss 0.9599

Epoch 12 Batch 1400 Loss 1.3053

Epoch 12 Batch 2100 Loss 1.0582

Epoch 12 Loss 1.1554

Time taken for 1 epoch 1901.85 sec



你好   我們的人<EOS>

你好   我們的人<EOS>

你好嗎   我們的人<EOS>

你是男生還是女生   我不是我的<EOS>

我好帥   我們的人<EOS>

機器學習   我們的人<EOS>

哈哈哈   我們的人<EOS>

好無聊   我們的人<EOS>

Epoch 13 Batch 0 Loss 1.1838

Epoch 13 Batch 700 Loss 0.9434

Epoch 13 Batch 1400 Loss 1.2804

Epoch 13 Batch 2100 Loss 1.0752

Epoch 13 Loss 1.1475

Time taken for 1 epoch 1898.36 sec



你好   我們的人<EOS>

你好   我們的人<EOS>

你好嗎   我們的人<EOS>

你是男生還是女生   我不是我的<EOS>

我好帥   我們的人<EOS>

機器學習   我們的人<EOS>

哈哈哈   我們的人<EOS>

好無聊   我們的人<EOS>

Epoch 14 Batch 0 Loss 1.2047

Epoch 14 Batch 700 Loss 0.9435

Epoch 14 Batch 1400 Loss 1.2629

Epoch 14 Batch 2100 Loss 1.0322

Epoch 14 Loss 1.1406

Time taken for 1 epoch 1904.81 sec



你好   我們的人<EOS>

你好   我們的人<EOS>

你好嗎   我們的人<EOS>

你是男生還是女生   我不是我的<EOS>

我好帥   我們的人<EOS>

機器學習   我們的人<EOS>

哈哈哈   我們的人<EOS>

好無聊   我們的人<EOS>

Epoch 15 Batch 0 Loss 1.2028

Epoch 15 Batch 700 Loss 0.9416
